0 verbose cli /data/data/com.termux/files/usr/bin/node /data/data/com.termux/files/usr/bin/npm
1 info using npm@10.9.2
2 info using node@v23.6.1
3 silly config load:file:/data/data/com.termux/files/usr/lib/node_modules/npm/npmrc
4 silly config load:file:/data/data/com.termux/files/home/react-app/.npmrc
5 silly config load:file:/data/data/com.termux/files/home/.npmrc
6 silly config load:file:/data/data/com.termux/files/usr/etc/npmrc
7 verbose title npm install bootstrap
8 verbose argv "install" "bootstrap"
9 verbose logfile logs-max:10 dir:/data/data/com.termux/files/home/.npm/_logs/2025-02-18T10_13_46_745Z-
10 verbose logfile /data/data/com.termux/files/home/.npm/_logs/2025-02-18T10_13_46_745Z-debug-0.log
11 silly logfile start cleaning logs, removing 1 files
12 silly packumentCache heap:966262784 maxSize:241565696 maxEntrySize:120782848
13 silly logfile done cleaning log files
14 silly idealTree buildDeps
15 silly fetch manifest bootstrap@*
16 silly packumentCache full:https://registry.npmjs.org/bootstrap cache-miss
17 http fetch GET 200 https://registry.npmjs.org/bootstrap 1285ms (cache miss)
18 silly packumentCache full:https://registry.npmjs.org/bootstrap set size:undefined disposed:false
19 silly fetch manifest @popperjs/core@^2.11.8
20 silly packumentCache full:https://registry.npmjs.org/@popperjs%2fcore cache-miss
21 http fetch GET 200 https://registry.npmjs.org/@popperjs%2fcore 1027ms (cache miss)
22 silly packumentCache full:https://registry.npmjs.org/@popperjs%2fcore set size:undefined disposed:false
23 silly placeDep ROOT bootstrap@5.3.3 OK for: react-app@0.0.0 want: *
24 silly placeDep ROOT @popperjs/core@2.11.8 OK for: bootstrap@5.3.3 want: ^2.11.8
25 silly reify moves {}
26 silly audit bulk request {
26 silly audit   '@ampproject/remapping': [ '2.3.0' ],
26 silly audit   '@babel/code-frame': [ '7.26.2' ],
26 silly audit   '@babel/compat-data': [ '7.26.8' ],
26 silly audit   '@babel/core': [ '7.26.9' ],
26 silly audit   '@babel/generator': [ '7.26.9' ],
26 silly audit   '@babel/helper-compilation-targets': [ '7.26.5' ],
26 silly audit   '@babel/helper-module-imports': [ '7.25.9' ],
26 silly audit   '@babel/helper-module-transforms': [ '7.26.0' ],
26 silly audit   '@babel/helper-plugin-utils': [ '7.26.5' ],
26 silly audit   '@babel/helper-string-parser': [ '7.25.9' ],
26 silly audit   '@babel/helper-validator-identifier': [ '7.25.9' ],
26 silly audit   '@babel/helper-validator-option': [ '7.25.9' ],
26 silly audit   '@babel/helpers': [ '7.26.9' ],
26 silly audit   '@babel/parser': [ '7.26.9' ],
26 silly audit   '@babel/plugin-transform-react-jsx-self': [ '7.25.9' ],
26 silly audit   '@babel/plugin-transform-react-jsx-source': [ '7.25.9' ],
26 silly audit   '@babel/template': [ '7.26.9' ],
26 silly audit   '@babel/traverse': [ '7.26.9' ],
26 silly audit   globals: [ '11.12.0', '14.0.0', '15.15.0' ],
26 silly audit   '@babel/types': [ '7.26.9' ],
26 silly audit   '@esbuild/aix-ppc64': [ '0.24.2' ],
26 silly audit   '@esbuild/android-arm': [ '0.24.2' ],
26 silly audit   '@esbuild/android-arm64': [ '0.24.2' ],
26 silly audit   '@esbuild/android-x64': [ '0.24.2' ],
26 silly audit   '@esbuild/darwin-arm64': [ '0.24.2' ],
26 silly audit   '@esbuild/darwin-x64': [ '0.24.2' ],
26 silly audit   '@esbuild/freebsd-arm64': [ '0.24.2' ],
26 silly audit   '@esbuild/freebsd-x64': [ '0.24.2' ],
26 silly audit   '@esbuild/linux-arm': [ '0.24.2' ],
26 silly audit   '@esbuild/linux-arm64': [ '0.24.2' ],
26 silly audit   '@esbuild/linux-ia32': [ '0.24.2' ],
26 silly audit   '@esbuild/linux-loong64': [ '0.24.2' ],
26 silly audit   '@esbuild/linux-mips64el': [ '0.24.2' ],
26 silly audit   '@esbuild/linux-ppc64': [ '0.24.2' ],
26 silly audit   '@esbuild/linux-riscv64': [ '0.24.2' ],
26 silly audit   '@esbuild/linux-s390x': [ '0.24.2' ],
26 silly audit   '@esbuild/linux-x64': [ '0.24.2' ],
26 silly audit   '@esbuild/netbsd-arm64': [ '0.24.2' ],
26 silly audit   '@esbuild/netbsd-x64': [ '0.24.2' ],
26 silly audit   '@esbuild/openbsd-arm64': [ '0.24.2' ],
26 silly audit   '@esbuild/openbsd-x64': [ '0.24.2' ],
26 silly audit   '@esbuild/sunos-x64': [ '0.24.2' ],
26 silly audit   '@esbuild/win32-arm64': [ '0.24.2' ],
26 silly audit   '@esbuild/win32-ia32': [ '0.24.2' ],
26 silly audit   '@esbuild/win32-x64': [ '0.24.2' ],
26 silly audit   '@eslint-community/eslint-utils': [ '4.4.1' ],
26 silly audit   'eslint-visitor-keys': [ '3.4.3', '4.2.0' ],
26 silly audit   '@eslint-community/regexpp': [ '4.12.1' ],
26 silly audit   '@eslint/config-array': [ '0.19.2' ],
26 silly audit   '@eslint/core': [ '0.11.0', '0.10.0' ],
26 silly audit   '@eslint/eslintrc': [ '3.2.0' ],
26 silly audit   '@eslint/js': [ '9.20.0' ],
26 silly audit   '@eslint/object-schema': [ '2.1.6' ],
26 silly audit   '@eslint/plugin-kit': [ '0.2.5' ],
26 silly audit   '@humanfs/core': [ '0.19.1' ],
26 silly audit   '@humanfs/node': [ '0.16.6' ],
26 silly audit   '@humanwhocodes/retry': [ '0.3.1', '0.4.1' ],
26 silly audit   '@humanwhocodes/module-importer': [ '1.0.1' ],
26 silly audit   '@jridgewell/gen-mapping': [ '0.3.8' ],
26 silly audit   '@jridgewell/resolve-uri': [ '3.1.2' ],
26 silly audit   '@jridgewell/set-array': [ '1.2.1' ],
26 silly audit   '@jridgewell/sourcemap-codec': [ '1.5.0' ],
26 silly audit   '@jridgewell/trace-mapping': [ '0.3.25' ],
26 silly audit   '@nodelib/fs.scandir': [ '2.1.5' ],
26 silly audit   '@nodelib/fs.stat': [ '2.0.5' ],
26 silly audit   '@nodelib/fs.walk': [ '1.2.8' ],
26 silly audit   '@rollup/rollup-android-arm-eabi': [ '4.34.8' ],
26 silly audit   '@rollup/rollup-android-arm64': [ '4.34.8' ],
26 silly audit   '@rollup/rollup-darwin-arm64': [ '4.34.8' ],
26 silly audit   '@rollup/rollup-darwin-x64': [ '4.34.8' ],
26 silly audit   '@rollup/rollup-freebsd-arm64': [ '4.34.8' ],
26 silly audit   '@rollup/rollup-freebsd-x64': [ '4.34.8' ],
26 silly audit   '@rollup/rollup-linux-arm-gnueabihf': [ '4.34.8' ],
26 silly audit   '@rollup/rollup-linux-arm-musleabihf': [ '4.34.8' ],
26 silly audit   '@rollup/rollup-linux-arm64-gnu': [ '4.34.8' ],
26 silly audit   '@rollup/rollup-linux-arm64-musl': [ '4.34.8' ],
26 silly audit   '@rollup/rollup-linux-loongarch64-gnu': [ '4.34.8' ],
26 silly audit   '@rollup/rollup-linux-powerpc64le-gnu': [ '4.34.8' ],
26 silly audit   '@rollup/rollup-linux-riscv64-gnu': [ '4.34.8' ],
26 silly audit   '@rollup/rollup-linux-s390x-gnu': [ '4.34.8' ],
26 silly audit   '@rollup/rollup-linux-x64-gnu': [ '4.34.8' ],
26 silly audit   '@rollup/rollup-linux-x64-musl': [ '4.34.8' ],
26 silly audit   '@rollup/rollup-win32-arm64-msvc': [ '4.34.8' ],
26 silly audit   '@rollup/rollup-win32-ia32-msvc': [ '4.34.8' ],
26 silly audit   '@rollup/rollup-win32-x64-msvc': [ '4.34.8' ],
26 silly audit   '@types/babel__core': [ '7.20.5' ],
26 silly audit   '@types/babel__generator': [ '7.6.8' ],
26 silly audit   '@types/babel__template': [ '7.4.4' ],
26 silly audit   '@types/babel__traverse': [ '7.20.6' ],
26 silly audit   '@types/estree': [ '1.0.6' ],
26 silly audit   '@types/json-schema': [ '7.0.15' ],
26 silly audit   '@types/react': [ '19.0.10' ],
26 silly audit   '@types/react-dom': [ '19.0.4' ],
26 silly audit   '@typescript-eslint/eslint-plugin': [ '8.24.1' ],
26 silly audit   '@typescript-eslint/parser': [ '8.24.1' ],
26 silly audit   '@typescript-eslint/scope-manager': [ '8.24.1' ],
26 silly audit   '@typescript-eslint/type-utils': [ '8.24.1' ],
26 silly audit   '@typescript-eslint/types': [ '8.24.1' ],
26 silly audit   '@typescript-eslint/typescript-estree': [ '8.24.1' ],
26 silly audit   'brace-expansion': [ '2.0.1', '1.1.11' ],
26 silly audit   minimatch: [ '9.0.5', '3.1.2' ],
26 silly audit   semver: [ '7.7.1', '6.3.1' ],
26 silly audit   '@typescript-eslint/utils': [ '8.24.1' ],
26 silly audit   '@typescript-eslint/visitor-keys': [ '8.24.1' ],
26 silly audit   '@vitejs/plugin-react': [ '4.3.4' ],
26 silly audit   acorn: [ '8.14.0' ],
26 silly audit   'acorn-jsx': [ '5.3.2' ],
26 silly audit   ajv: [ '6.12.6' ],
26 silly audit   'ansi-styles': [ '4.3.0' ],
26 silly audit   argparse: [ '2.0.1' ],
26 silly audit   'balanced-match': [ '1.0.2' ],
26 silly audit   braces: [ '3.0.3' ],
26 silly audit   browserslist: [ '4.24.4' ],
26 silly audit   callsites: [ '3.1.0' ],
26 silly audit   'caniuse-lite': [ '1.0.30001700' ],
26 silly audit   chalk: [ '4.1.2' ],
26 silly audit   'color-convert': [ '2.0.1' ],
26 silly audit   'color-name': [ '1.1.4' ],
26 silly audit   'concat-map': [ '0.0.1' ],
26 silly audit   'convert-source-map': [ '2.0.0' ],
26 silly audit   'cross-spawn': [ '7.0.6' ],
26 silly audit   csstype: [ '3.1.3' ],
26 silly audit   debug: [ '4.4.0' ],
26 silly audit   'deep-is': [ '0.1.4' ],
26 silly audit   'electron-to-chromium': [ '1.5.102' ],
26 silly audit   esbuild: [ '0.24.2' ],
26 silly audit   escalade: [ '3.2.0' ],
26 silly audit   'escape-string-regexp': [ '4.0.0' ],
26 silly audit   eslint: [ '9.20.1' ],
26 silly audit   'eslint-plugin-react-hooks': [ '5.1.0' ],
26 silly audit   'eslint-plugin-react-refresh': [ '0.4.19' ],
26 silly audit   'eslint-scope': [ '8.2.0' ],
26 silly audit   espree: [ '10.3.0' ],
26 silly audit   esquery: [ '1.6.0' ],
26 silly audit   esrecurse: [ '4.3.0' ],
26 silly audit   estraverse: [ '5.3.0' ],
26 silly audit   esutils: [ '2.0.3' ],
26 silly audit   'fast-deep-equal': [ '3.1.3' ],
26 silly audit   'fast-glob': [ '3.3.3' ],
26 silly audit   'glob-parent': [ '5.1.2', '6.0.2' ],
26 silly audit   'fast-json-stable-stringify': [ '2.1.0' ],
26 silly audit   'fast-levenshtein': [ '2.0.6' ],
26 silly audit   fastq: [ '1.19.0' ],
26 silly audit   'file-entry-cache': [ '8.0.0' ],
26 silly audit   'fill-range': [ '7.1.1' ],
26 silly audit   'find-up': [ '5.0.0' ],
26 silly audit   'flat-cache': [ '4.0.1' ],
26 silly audit   flatted: [ '3.3.2' ],
26 silly audit   fsevents: [ '2.3.3' ],
26 silly audit   gensync: [ '1.0.0-beta.2' ],
26 silly audit   graphemer: [ '1.4.0' ],
26 silly audit   'has-flag': [ '4.0.0' ],
26 silly audit   ignore: [ '5.3.2' ],
26 silly audit   'import-fresh': [ '3.3.1' ],
26 silly audit   imurmurhash: [ '0.1.4' ],
26 silly audit   'is-extglob': [ '2.1.1' ],
26 silly audit   'is-glob': [ '4.0.3' ],
26 silly audit   'is-number': [ '7.0.0' ],
26 silly audit   isexe: [ '2.0.0' ],
26 silly audit   'js-tokens': [ '4.0.0' ],
26 silly audit   'js-yaml': [ '4.1.0' ],
26 silly audit   jsesc: [ '3.1.0' ],
26 silly audit   'json-buffer': [ '3.0.1' ],
26 silly audit   'json-schema-traverse': [ '0.4.1' ],
26 silly audit   'json-stable-stringify-without-jsonify': [ '1.0.1' ],
26 silly audit   json5: [ '2.2.3' ],
26 silly audit   keyv: [ '4.5.4' ],
26 silly audit   levn: [ '0.4.1' ],
26 silly audit   'locate-path': [ '6.0.0' ],
26 silly audit   'lodash.merge': [ '4.6.2' ],
26 silly audit   'lru-cache': [ '5.1.1' ],
26 silly audit   merge2: [ '1.4.1' ],
26 silly audit   micromatch: [ '4.0.8' ],
26 silly audit   ms: [ '2.1.3' ],
26 silly audit   nanoid: [ '3.3.8' ],
26 silly audit   'natural-compare': [ '1.4.0' ],
26 silly audit   'node-releases': [ '2.0.19' ],
26 silly audit   optionator: [ '0.9.4' ],
26 silly audit   'p-limit': [ '3.1.0' ],
26 silly audit   'p-locate': [ '5.0.0' ],
26 silly audit   'parent-module': [ '1.0.1' ],
26 silly audit   'path-exists': [ '4.0.0' ],
26 silly audit   'path-key': [ '3.1.1' ],
26 silly audit   picocolors: [ '1.1.1' ],
26 silly audit   picomatch: [ '2.3.1' ],
26 silly audit   postcss: [ '8.5.2' ],
26 silly audit   'prelude-ls': [ '1.2.1' ],
26 silly audit   punycode: [ '2.3.1' ],
26 silly audit   'queue-microtask': [ '1.2.3' ],
26 silly audit   react: [ '19.0.0' ],
26 silly audit   'react-dom': [ '19.0.0' ],
26 silly audit   'react-refresh': [ '0.14.2' ],
26 silly audit   'resolve-from': [ '4.0.0' ],
26 silly audit   reusify: [ '1.0.4' ],
26 silly audit   rollup: [ '4.34.8' ],
26 silly audit   'run-parallel': [ '1.2.0' ],
26 silly audit   scheduler: [ '0.25.0' ],
26 silly audit   'shebang-command': [ '2.0.0' ],
26 silly audit   'shebang-regex': [ '3.0.0' ],
26 silly audit   'source-map-js': [ '1.2.1' ],
26 silly audit   'strip-json-comments': [ '3.1.1' ],
26 silly audit   'supports-color': [ '7.2.0' ],
26 silly audit   'to-regex-range': [ '5.0.1' ],
26 silly audit   'ts-api-utils': [ '2.0.1' ],
26 silly audit   'type-check': [ '0.4.0' ],
26 silly audit   typescript: [ '5.7.3' ],
26 silly audit   'typescript-eslint': [ '8.24.1' ],
26 silly audit   'update-browserslist-db': [ '1.1.2' ],
26 silly audit   'uri-js': [ '4.4.1' ],
26 silly audit   vite: [ '6.1.0' ],
26 silly audit   which: [ '2.0.2' ],
26 silly audit   'word-wrap': [ '1.2.5' ],
26 silly audit   yallist: [ '3.1.1' ],
26 silly audit   'yocto-queue': [ '0.1.0' ],
26 silly audit   bootstrap: [ '5.3.3' ],
26 silly audit   '@popperjs/core': [ '2.11.8' ]
26 silly audit }
27 verbose reify failed optional dependency /data/data/com.termux/files/home/react-app/node_modules/fsevents
28 silly reify mark deleted [ '/data/data/com.termux/files/home/react-app/node_modules/fsevents' ]
29 verbose reify failed optional dependency /data/data/com.termux/files/home/react-app/node_modules/@rollup/rollup-win32-x64-msvc
30 silly reify mark deleted [
30 silly reify   '/data/data/com.termux/files/home/react-app/node_modules/@rollup/rollup-win32-x64-msvc'
30 silly reify ]
31 verbose reify failed optional dependency /data/data/com.termux/files/home/react-app/node_modules/@rollup/rollup-win32-ia32-msvc
32 silly reify mark deleted [
32 silly reify   '/data/data/com.termux/files/home/react-app/node_modules/@rollup/rollup-win32-ia32-msvc'
32 silly reify ]
33 verbose reify failed optional dependency /data/data/com.termux/files/home/react-app/node_modules/@rollup/rollup-win32-arm64-msvc
34 silly reify mark deleted [
34 silly reify   '/data/data/com.termux/files/home/react-app/node_modules/@rollup/rollup-win32-arm64-msvc'
34 silly reify ]
35 verbose reify failed optional dependency /data/data/com.termux/files/home/react-app/node_modules/@rollup/rollup-linux-x64-musl
36 silly reify mark deleted [
36 silly reify   '/data/data/com.termux/files/home/react-app/node_modules/@rollup/rollup-linux-x64-musl'
36 silly reify ]
37 verbose reify failed optional dependency /data/data/com.termux/files/home/react-app/node_modules/@rollup/rollup-linux-x64-gnu
38 silly reify mark deleted [
38 silly reify   '/data/data/com.termux/files/home/react-app/node_modules/@rollup/rollup-linux-x64-gnu'
38 silly reify ]
39 verbose reify failed optional dependency /data/data/com.termux/files/home/react-app/node_modules/@rollup/rollup-linux-s390x-gnu
40 silly reify mark deleted [
40 silly reify   '/data/data/com.termux/files/home/react-app/node_modules/@rollup/rollup-linux-s390x-gnu'
40 silly reify ]
41 verbose reify failed optional dependency /data/data/com.termux/files/home/react-app/node_modules/@rollup/rollup-linux-riscv64-gnu
42 silly reify mark deleted [
42 silly reify   '/data/data/com.termux/files/home/react-app/node_modules/@rollup/rollup-linux-riscv64-gnu'
42 silly reify ]
43 verbose reify failed optional dependency /data/data/com.termux/files/home/react-app/node_modules/@rollup/rollup-linux-powerpc64le-gnu
44 silly reify mark deleted [
44 silly reify   '/data/data/com.termux/files/home/react-app/node_modules/@rollup/rollup-linux-powerpc64le-gnu'
44 silly reify ]
45 verbose reify failed optional dependency /data/data/com.termux/files/home/react-app/node_modules/@rollup/rollup-linux-loongarch64-gnu
46 silly reify mark deleted [
46 silly reify   '/data/data/com.termux/files/home/react-app/node_modules/@rollup/rollup-linux-loongarch64-gnu'
46 silly reify ]
47 verbose reify failed optional dependency /data/data/com.termux/files/home/react-app/node_modules/@rollup/rollup-linux-arm64-musl
48 silly reify mark deleted [
48 silly reify   '/data/data/com.termux/files/home/react-app/node_modules/@rollup/rollup-linux-arm64-musl'
48 silly reify ]
49 verbose reify failed optional dependency /data/data/com.termux/files/home/react-app/node_modules/@rollup/rollup-linux-arm64-gnu
50 silly reify mark deleted [
50 silly reify   '/data/data/com.termux/files/home/react-app/node_modules/@rollup/rollup-linux-arm64-gnu'
50 silly reify ]
51 verbose reify failed optional dependency /data/data/com.termux/files/home/react-app/node_modules/@rollup/rollup-linux-arm-musleabihf
52 silly reify mark deleted [
52 silly reify   '/data/data/com.termux/files/home/react-app/node_modules/@rollup/rollup-linux-arm-musleabihf'
52 silly reify ]
53 verbose reify failed optional dependency /data/data/com.termux/files/home/react-app/node_modules/@rollup/rollup-linux-arm-gnueabihf
54 silly reify mark deleted [
54 silly reify   '/data/data/com.termux/files/home/react-app/node_modules/@rollup/rollup-linux-arm-gnueabihf'
54 silly reify ]
55 verbose reify failed optional dependency /data/data/com.termux/files/home/react-app/node_modules/@rollup/rollup-freebsd-x64
56 silly reify mark deleted [
56 silly reify   '/data/data/com.termux/files/home/react-app/node_modules/@rollup/rollup-freebsd-x64'
56 silly reify ]
57 verbose reify failed optional dependency /data/data/com.termux/files/home/react-app/node_modules/@rollup/rollup-freebsd-arm64
58 silly reify mark deleted [
58 silly reify   '/data/data/com.termux/files/home/react-app/node_modules/@rollup/rollup-freebsd-arm64'
58 silly reify ]
59 verbose reify failed optional dependency /data/data/com.termux/files/home/react-app/node_modules/@rollup/rollup-darwin-x64
60 silly reify mark deleted [
60 silly reify   '/data/data/com.termux/files/home/react-app/node_modules/@rollup/rollup-darwin-x64'
60 silly reify ]
61 verbose reify failed optional dependency /data/data/com.termux/files/home/react-app/node_modules/@rollup/rollup-darwin-arm64
62 silly reify mark deleted [
62 silly reify   '/data/data/com.termux/files/home/react-app/node_modules/@rollup/rollup-darwin-arm64'
62 silly reify ]
63 verbose reify failed optional dependency /data/data/com.termux/files/home/react-app/node_modules/@rollup/rollup-android-arm-eabi
64 silly reify mark deleted [
64 silly reify   '/data/data/com.termux/files/home/react-app/node_modules/@rollup/rollup-android-arm-eabi'
64 silly reify ]
65 verbose reify failed optional dependency /data/data/com.termux/files/home/react-app/node_modules/@esbuild/win32-x64
66 silly reify mark deleted [
66 silly reify   '/data/data/com.termux/files/home/react-app/node_modules/@esbuild/win32-x64'
66 silly reify ]
67 verbose reify failed optional dependency /data/data/com.termux/files/home/react-app/node_modules/@esbuild/win32-ia32
68 silly reify mark deleted [
68 silly reify   '/data/data/com.termux/files/home/react-app/node_modules/@esbuild/win32-ia32'
68 silly reify ]
69 verbose reify failed optional dependency /data/data/com.termux/files/home/react-app/node_modules/@esbuild/win32-arm64
70 silly reify mark deleted [
70 silly reify   '/data/data/com.termux/files/home/react-app/node_modules/@esbuild/win32-arm64'
70 silly reify ]
71 verbose reify failed optional dependency /data/data/com.termux/files/home/react-app/node_modules/@esbuild/sunos-x64
72 silly reify mark deleted [
72 silly reify   '/data/data/com.termux/files/home/react-app/node_modules/@esbuild/sunos-x64'
72 silly reify ]
73 verbose reify failed optional dependency /data/data/com.termux/files/home/react-app/node_modules/@esbuild/openbsd-x64
74 silly reify mark deleted [
74 silly reify   '/data/data/com.termux/files/home/react-app/node_modules/@esbuild/openbsd-x64'
74 silly reify ]
75 verbose reify failed optional dependency /data/data/com.termux/files/home/react-app/node_modules/@esbuild/openbsd-arm64
76 silly reify mark deleted [
76 silly reify   '/data/data/com.termux/files/home/react-app/node_modules/@esbuild/openbsd-arm64'
76 silly reify ]
77 verbose reify failed optional dependency /data/data/com.termux/files/home/react-app/node_modules/@esbuild/netbsd-x64
78 silly reify mark deleted [
78 silly reify   '/data/data/com.termux/files/home/react-app/node_modules/@esbuild/netbsd-x64'
78 silly reify ]
79 verbose reify failed optional dependency /data/data/com.termux/files/home/react-app/node_modules/@esbuild/netbsd-arm64
80 silly reify mark deleted [
80 silly reify   '/data/data/com.termux/files/home/react-app/node_modules/@esbuild/netbsd-arm64'
80 silly reify ]
81 verbose reify failed optional dependency /data/data/com.termux/files/home/react-app/node_modules/@esbuild/linux-x64
82 silly reify mark deleted [
82 silly reify   '/data/data/com.termux/files/home/react-app/node_modules/@esbuild/linux-x64'
82 silly reify ]
83 verbose reify failed optional dependency /data/data/com.termux/files/home/react-app/node_modules/@esbuild/linux-s390x
84 silly reify mark deleted [
84 silly reify   '/data/data/com.termux/files/home/react-app/node_modules/@esbuild/linux-s390x'
84 silly reify ]
85 verbose reify failed optional dependency /data/data/com.termux/files/home/react-app/node_modules/@esbuild/linux-riscv64
86 silly reify mark deleted [
86 silly reify   '/data/data/com.termux/files/home/react-app/node_modules/@esbuild/linux-riscv64'
86 silly reify ]
87 verbose reify failed optional dependency /data/data/com.termux/files/home/react-app/node_modules/@esbuild/linux-ppc64
88 silly reify mark deleted [
88 silly reify   '/data/data/com.termux/files/home/react-app/node_modules/@esbuild/linux-ppc64'
88 silly reify ]
89 verbose reify failed optional dependency /data/data/com.termux/files/home/react-app/node_modules/@esbuild/linux-mips64el
90 silly reify mark deleted [
90 silly reify   '/data/data/com.termux/files/home/react-app/node_modules/@esbuild/linux-mips64el'
90 silly reify ]
91 verbose reify failed optional dependency /data/data/com.termux/files/home/react-app/node_modules/@esbuild/linux-loong64
92 silly reify mark deleted [
92 silly reify   '/data/data/com.termux/files/home/react-app/node_modules/@esbuild/linux-loong64'
92 silly reify ]
93 verbose reify failed optional dependency /data/data/com.termux/files/home/react-app/node_modules/@esbuild/linux-ia32
94 silly reify mark deleted [
94 silly reify   '/data/data/com.termux/files/home/react-app/node_modules/@esbuild/linux-ia32'
94 silly reify ]
95 verbose reify failed optional dependency /data/data/com.termux/files/home/react-app/node_modules/@esbuild/linux-arm64
96 silly reify mark deleted [
96 silly reify   '/data/data/com.termux/files/home/react-app/node_modules/@esbuild/linux-arm64'
96 silly reify ]
97 verbose reify failed optional dependency /data/data/com.termux/files/home/react-app/node_modules/@esbuild/linux-arm
98 silly reify mark deleted [
98 silly reify   '/data/data/com.termux/files/home/react-app/node_modules/@esbuild/linux-arm'
98 silly reify ]
99 verbose reify failed optional dependency /data/data/com.termux/files/home/react-app/node_modules/@esbuild/freebsd-x64
100 silly reify mark deleted [
100 silly reify   '/data/data/com.termux/files/home/react-app/node_modules/@esbuild/freebsd-x64'
100 silly reify ]
101 verbose reify failed optional dependency /data/data/com.termux/files/home/react-app/node_modules/@esbuild/freebsd-arm64
102 silly reify mark deleted [
102 silly reify   '/data/data/com.termux/files/home/react-app/node_modules/@esbuild/freebsd-arm64'
102 silly reify ]
103 verbose reify failed optional dependency /data/data/com.termux/files/home/react-app/node_modules/@esbuild/darwin-x64
104 silly reify mark deleted [
104 silly reify   '/data/data/com.termux/files/home/react-app/node_modules/@esbuild/darwin-x64'
104 silly reify ]
105 verbose reify failed optional dependency /data/data/com.termux/files/home/react-app/node_modules/@esbuild/darwin-arm64
106 silly reify mark deleted [
106 silly reify   '/data/data/com.termux/files/home/react-app/node_modules/@esbuild/darwin-arm64'
106 silly reify ]
107 verbose reify failed optional dependency /data/data/com.termux/files/home/react-app/node_modules/@esbuild/android-x64
108 silly reify mark deleted [
108 silly reify   '/data/data/com.termux/files/home/react-app/node_modules/@esbuild/android-x64'
108 silly reify ]
109 verbose reify failed optional dependency /data/data/com.termux/files/home/react-app/node_modules/@esbuild/android-arm
110 silly reify mark deleted [
110 silly reify   '/data/data/com.termux/files/home/react-app/node_modules/@esbuild/android-arm'
110 silly reify ]
111 verbose reify failed optional dependency /data/data/com.termux/files/home/react-app/node_modules/@esbuild/aix-ppc64
112 silly reify mark deleted [
112 silly reify   '/data/data/com.termux/files/home/react-app/node_modules/@esbuild/aix-ppc64'
112 silly reify ]
113 http cache bootstrap@https://registry.npmjs.org/bootstrap/-/bootstrap-5.3.3.tgz 1ms (cache hit)
114 http cache @popperjs/core@https://registry.npmjs.org/@popperjs/core/-/core-2.11.8.tgz 0ms (cache hit)
115 silly tarball no local data for @popperjs/core@https://registry.npmjs.org/@popperjs/core/-/core-2.11.8.tgz. Extracting by manifest.
116 silly tarball no local data for bootstrap@https://registry.npmjs.org/bootstrap/-/bootstrap-5.3.3.tgz. Extracting by manifest.
117 http fetch POST 200 https://registry.npmjs.org/-/npm/v1/security/advisories/bulk 2062ms
118 silly audit report {
118 silly audit report   esbuild: [
118 silly audit report     {
118 silly audit report       id: 1102341,
118 silly audit report       url: 'https://github.com/advisories/GHSA-67mh-4wv8-2f99',
118 silly audit report       title: 'esbuild enables any website to send any requests to the development server and read the response',
118 silly audit report       severity: 'moderate',
118 silly audit report       vulnerable_versions: '<=0.24.2',
118 silly audit report       cwe: [Array],
118 silly audit report       cvss: [Object]
118 silly audit report     }
118 silly audit report   ]
118 silly audit report }
119 silly packumentCache corgi:https://registry.npmjs.org/esbuild cache-miss
120 http fetch GET 200 https://registry.npmjs.org/@popperjs/core/-/core-2.11.8.tgz 2167ms (cache miss)
121 http fetch GET 200 https://registry.npmjs.org/esbuild 1491ms (cache updated)
122 silly packumentCache corgi:https://registry.npmjs.org/esbuild set size:undefined disposed:false
123 silly packumentCache corgi:https://registry.npmjs.org/vite cache-miss
124 http fetch GET 200 https://registry.npmjs.org/vite 1157ms (cache updated)
125 silly packumentCache corgi:https://registry.npmjs.org/vite set size:undefined disposed:false
126 silly packumentCache corgi:https://registry.npmjs.org/@vitejs%2fplugin-react cache-miss
127 http fetch GET 200 https://registry.npmjs.org/bootstrap/-/bootstrap-5.3.3.tgz 5160ms (cache miss)
128 http fetch GET 200 https://registry.npmjs.org/@vitejs%2fplugin-react 855ms (cache updated)
129 silly packumentCache corgi:https://registry.npmjs.org/@vitejs%2fplugin-react set size:undefined disposed:false
130 silly ADD node_modules/@popperjs/core
131 silly ADD node_modules/bootstrap
132 silly ADD
133 silly ADD
134 silly ADD
135 silly ADD
136 silly ADD
137 silly ADD
138 silly ADD
139 silly ADD
140 silly ADD
141 silly ADD
142 silly ADD
143 silly ADD
144 silly ADD
145 silly ADD
146 silly ADD
147 silly ADD
148 silly ADD
149 silly ADD
150 silly ADD
151 silly ADD
152 silly ADD
153 silly ADD
154 silly ADD
155 silly ADD
156 silly ADD
157 silly ADD
158 silly ADD
159 silly ADD
160 silly ADD
161 silly ADD
162 silly ADD
163 silly ADD
164 silly ADD
165 silly ADD
166 silly ADD
167 silly ADD
168 silly ADD
169 silly ADD
170 silly ADD
171 silly ADD
172 silly ADD
173 silly ADD
174 silly ADD
175 verbose cwd /data/data/com.termux/files/home/react-app
176 verbose os Linux 4.4.205-22915538
177 verbose node v23.6.1
178 verbose npm  v10.9.2
179 verbose exit 0
180 info ok
